<?xml version="1.0" encoding="UTF-8"?>
<testsuite name="tests.LoginTest" tests="1" skipped="0" failures="0" errors="0" timestamp="2022-07-06T15:21:23" hostname="Elenas-MacBook-Air.local" time="0.73">
  <properties/>
  <testcase name="LoginASuccess" classname="tests.LoginTest" time="0.73"/>
  <system-out><![CDATA[]]></system-out>
  <system-err><![CDATA[]]></system-err>
</testsuite>
