<?xml version="1.0" encoding="UTF-8"?>
<testsuite name="tests.AddNewCar" tests="4" skipped="0" failures="0" errors="0" timestamp="2022-07-30T15:54:09" hostname="Elenas-MacBook-Air.local" time="27.288">
  <properties/>
  <testcase name="addNewCarSuccess2[0](Car(address=Haifa, make=KIA, model=M5, year=2021, engine=2.5, fuel=Petrol, gear=AT, wD=AWD, doors=4, seats=4, clasS=C, fuelConsumtion=6.5, carRegNumber=111-22-997, price=65, distanceIncluded=800, features=Type of features, about=its a good ncar))" classname="tests.AddNewCar" time="9.25"/>
  <testcase name="addNewCarSuccess2[1](Car(address=Yaffo, make=KIA, model=M6, year=2022, engine=2.5, fuel=Petrol, gear=AT, wD=AWD, doors=2, seats=5, clasS=C, fuelConsumtion=6.5, carRegNumber=111-22-288, price=66, distanceIncluded=800, features=Type of features, about=its a good ncar))" classname="tests.AddNewCar" time="6.021"/>
  <testcase name="addNewCarSuccess2[2](Car(address=Yaffo, make=Toyta, model=M7, year=2022, engine=2.5, fuel=Petrol, gear=AT, wD=AWD, doors=4, seats=6, clasS=C, fuelConsumtion=6.5, carRegNumber=111-22-799, price=88, distanceIncluded=800, features=Type of features, about=its a good ncar))" classname="tests.AddNewCar" time="5.95"/>
  <testcase name="addNewCarSuccess2[3](Car(address=Eilat, make=KIA, model=M8, year=2022, engine=2.5, fuel=Petrol, gear=AT, wD=AWD, doors=4, seats=4, clasS=C, fuelConsumtion=6.5, carRegNumber=111-22-880, price=77, distanceIncluded=800, features=Type of features, about=its a good ncar))" classname="tests.AddNewCar" time="5.834"/>
  <system-out><![CDATA[18:53:48.039  INFO  tests.BaseTest - Start test with name --->addNewCarSuccess2
18:53:48.041  INFO  manager.MyListener - New Before find by --> By.xpath: //a[text()=' Logout ']
18:53:58.111  INFO  manager.MyListener - WebDriver start find element -->By.cssSelector: [href='/login?url=%2Fsearch']
18:53:58.356  INFO  manager.MyListener - WebDriver start find element -->By.id: email
18:53:58.658  INFO  manager.MyListener - WebDriver start find element -->By.id: password
18:53:58.836  INFO  manager.HelperBase - Login done success
18:53:58.836  INFO  manager.MyListener - New Before find by --> By.xpath: //button[text()='Ok']
18:54:08.892  INFO  manager.MyListener - WebDriver start find element -->By.cssSelector: button[type='submit']
18:54:08.997  INFO  manager.MyListener - WebDriver start find element -->By.cssSelector: button[type='submit']
18:54:09.114  INFO  tests.BaseTest - user
18:54:09.154  INFO  manager.MyListener - WebDriver start find element -->By.id: 1
18:54:10.901  INFO  manager.MyListener - WebDriver start find element -->By.id: pickUpPlace
18:54:11.452  INFO  manager.MyListener - WebDriver start find element -->By.cssSelector: div.pac-item
18:54:12.518  INFO  manager.MyListener - WebDriver start find element -->By.id: make
18:54:12.671  INFO  manager.MyListener - WebDriver start find element -->By.id: model
18:54:12.771  INFO  manager.MyListener - WebDriver start find element -->By.id: year
18:54:12.906  INFO  manager.MyListener - WebDriver start find element -->By.id: engine
18:54:12.998  INFO  manager.MyListener - WebDriver start find element -->By.id: fuel
18:54:13.133  INFO  manager.MyListener - WebDriver start find element -->By.id: gear
18:54:13.335  INFO  manager.MyListener - WebDriver start find element -->By.id: wheelsDrive
18:54:13.569  INFO  manager.MyListener - WebDriver start find element -->By.id: doors
18:54:13.799  INFO  manager.MyListener - WebDriver start find element -->By.id: seats
18:54:13.911  INFO  manager.MyListener - WebDriver start find element -->By.id: class
18:54:14.005  INFO  manager.MyListener - WebDriver start find element -->By.id: fuelConsumption
18:54:14.149  INFO  manager.MyListener - WebDriver start find element -->By.id: serialNumber
18:54:14.312  INFO  manager.MyListener - WebDriver start find element -->By.id: price
18:54:14.402  INFO  manager.MyListener - WebDriver start find element -->By.id: distance
18:54:14.600  INFO  manager.MyListener - WebDriver start find element -->By.cssSelector: input[placeholder='Type feature']
18:54:14.689  INFO  manager.MyListener - WebDriver start find element -->By.id: about
18:54:14.812  INFO  manager.MyListener - WebDriver start find element -->By.id: photos
18:54:15.030  INFO  manager.MyListener - WebDriver start find element -->By.cssSelector: button[type='submit']
18:54:16.208  INFO  manager.MyListener - WebDriver start find element -->By.cssSelector: button[type='submit']
18:54:18.295  INFO  manager.MyListener - WebDriver start find element -->By.cssSelector: div.dialog-container
18:54:18.335  INFO  manager.MyListener - WebDriver start find element -->By.cssSelector: div.dialog-container h1
18:54:18.370  INFO  manager.MyListener - WebDriver start find element -->By.xpath: //button[text()='Search cars']
18:54:18.462  INFO  tests.BaseTest - Start test with name --->addNewCarSuccess2
18:54:18.464  INFO  manager.MyListener - New Before find by --> By.xpath: //a[text()=' Logout ']
18:54:18.486  INFO  manager.MyListener - WebDriver start find element -->By.id: 1
18:54:18.672  INFO  manager.MyListener - WebDriver start find element -->By.id: pickUpPlace
18:54:18.761  INFO  manager.MyListener - WebDriver start find element -->By.cssSelector: div.pac-item
18:54:19.573  INFO  manager.MyListener - WebDriver start find element -->By.id: make
18:54:19.704  INFO  manager.MyListener - WebDriver start find element -->By.id: model
18:54:19.796  INFO  manager.MyListener - WebDriver start find element -->By.id: year
18:54:19.909  INFO  manager.MyListener - WebDriver start find element -->By.id: engine
18:54:19.985  INFO  manager.MyListener - WebDriver start find element -->By.id: fuel
18:54:20.054  INFO  manager.MyListener - WebDriver start find element -->By.id: gear
18:54:20.123  INFO  manager.MyListener - WebDriver start find element -->By.id: wheelsDrive
18:54:20.188  INFO  manager.MyListener - WebDriver start find element -->By.id: doors
18:54:20.329  INFO  manager.MyListener - WebDriver start find element -->By.id: seats
18:54:20.481  INFO  manager.MyListener - WebDriver start find element -->By.id: class
18:54:20.607  INFO  manager.MyListener - WebDriver start find element -->By.id: fuelConsumption
18:54:20.706  INFO  manager.MyListener - WebDriver start find element -->By.id: serialNumber
18:54:20.828  INFO  manager.MyListener - WebDriver start find element -->By.id: price
18:54:20.924  INFO  manager.MyListener - WebDriver start find element -->By.id: distance
18:54:21.015  INFO  manager.MyListener - WebDriver start find element -->By.cssSelector: input[placeholder='Type feature']
18:54:21.095  INFO  manager.MyListener - WebDriver start find element -->By.id: about
18:54:21.190  INFO  manager.MyListener - WebDriver start find element -->By.id: photos
18:54:21.237  INFO  manager.MyListener - WebDriver start find element -->By.cssSelector: button[type='submit']
18:54:22.367  INFO  manager.MyListener - WebDriver start find element -->By.cssSelector: button[type='submit']
18:54:24.425  INFO  manager.MyListener - WebDriver start find element -->By.cssSelector: div.dialog-container
18:54:24.474  INFO  manager.MyListener - WebDriver start find element -->By.cssSelector: div.dialog-container h1
18:54:24.506  INFO  manager.MyListener - WebDriver start find element -->By.xpath: //button[text()='Search cars']
18:54:24.548  INFO  tests.BaseTest - Start test with name --->addNewCarSuccess2
18:54:24.550  INFO  manager.MyListener - New Before find by --> By.xpath: //a[text()=' Logout ']
18:54:24.570  INFO  manager.MyListener - WebDriver start find element -->By.id: 1
18:54:24.695  INFO  manager.MyListener - WebDriver start find element -->By.id: pickUpPlace
18:54:24.836  INFO  manager.MyListener - WebDriver start find element -->By.cssSelector: div.pac-item
18:54:25.665  INFO  manager.MyListener - WebDriver start find element -->By.id: make
18:54:25.790  INFO  manager.MyListener - WebDriver start find element -->By.id: model
18:54:25.866  INFO  manager.MyListener - WebDriver start find element -->By.id: year
18:54:25.961  INFO  manager.MyListener - WebDriver start find element -->By.id: engine
18:54:26.042  INFO  manager.MyListener - WebDriver start find element -->By.id: fuel
18:54:26.113  INFO  manager.MyListener - WebDriver start find element -->By.id: gear
18:54:26.183  INFO  manager.MyListener - WebDriver start find element -->By.id: wheelsDrive
18:54:26.275  INFO  manager.MyListener - WebDriver start find element -->By.id: doors
18:54:26.382  INFO  manager.MyListener - WebDriver start find element -->By.id: seats
18:54:26.472  INFO  manager.MyListener - WebDriver start find element -->By.id: class
18:54:26.548  INFO  manager.MyListener - WebDriver start find element -->By.id: fuelConsumption
18:54:26.631  INFO  manager.MyListener - WebDriver start find element -->By.id: serialNumber
18:54:26.705  INFO  manager.MyListener - WebDriver start find element -->By.id: price
18:54:26.803  INFO  manager.MyListener - WebDriver start find element -->By.id: distance
18:54:26.884  INFO  manager.MyListener - WebDriver start find element -->By.cssSelector: input[placeholder='Type feature']
18:54:26.961  INFO  manager.MyListener - WebDriver start find element -->By.id: about
18:54:27.062  INFO  manager.MyListener - WebDriver start find element -->By.id: photos
18:54:27.268  INFO  manager.MyListener - WebDriver start find element -->By.cssSelector: button[type='submit']
18:54:28.383  INFO  manager.MyListener - WebDriver start find element -->By.cssSelector: button[type='submit']
18:54:30.455  INFO  manager.MyListener - WebDriver start find element -->By.cssSelector: div.dialog-container
18:54:30.489  INFO  manager.MyListener - WebDriver start find element -->By.cssSelector: div.dialog-container h1
18:54:30.519  INFO  manager.MyListener - WebDriver start find element -->By.xpath: //button[text()='Search cars']
18:54:30.558  INFO  tests.BaseTest - Start test with name --->addNewCarSuccess2
18:54:30.558  INFO  manager.MyListener - New Before find by --> By.xpath: //a[text()=' Logout ']
18:54:30.575  INFO  manager.MyListener - WebDriver start find element -->By.id: 1
18:54:30.699  INFO  manager.MyListener - WebDriver start find element -->By.id: pickUpPlace
18:54:30.782  INFO  manager.MyListener - WebDriver start find element -->By.cssSelector: div.pac-item
18:54:31.544  INFO  manager.MyListener - WebDriver start find element -->By.id: make
18:54:31.646  INFO  manager.MyListener - WebDriver start find element -->By.id: model
18:54:31.716  INFO  manager.MyListener - WebDriver start find element -->By.id: year
18:54:31.986  INFO  manager.MyListener - WebDriver start find element -->By.id: engine
18:54:32.059  INFO  manager.MyListener - WebDriver start find element -->By.id: fuel
18:54:32.119  INFO  manager.MyListener - WebDriver start find element -->By.id: gear
18:54:32.186  INFO  manager.MyListener - WebDriver start find element -->By.id: wheelsDrive
18:54:32.258  INFO  manager.MyListener - WebDriver start find element -->By.id: doors
18:54:32.351  INFO  manager.MyListener - WebDriver start find element -->By.id: seats
18:54:32.449  INFO  manager.MyListener - WebDriver start find element -->By.id: class
18:54:32.536  INFO  manager.MyListener - WebDriver start find element -->By.id: fuelConsumption
18:54:32.626  INFO  manager.MyListener - WebDriver start find element -->By.id: serialNumber
18:54:32.713  INFO  manager.MyListener - WebDriver start find element -->By.id: price
18:54:32.807  INFO  manager.MyListener - WebDriver start find element -->By.id: distance
18:54:32.905  INFO  manager.MyListener - WebDriver start find element -->By.cssSelector: input[placeholder='Type feature']
18:54:33.015  INFO  manager.MyListener - WebDriver start find element -->By.id: about
18:54:33.098  INFO  manager.MyListener - WebDriver start find element -->By.id: photos
18:54:33.145  INFO  manager.MyListener - WebDriver start find element -->By.cssSelector: button[type='submit']
18:54:34.260  INFO  manager.MyListener - WebDriver start find element -->By.cssSelector: button[type='submit']
18:54:36.334  INFO  manager.MyListener - WebDriver start find element -->By.cssSelector: div.dialog-container
18:54:36.377  INFO  manager.MyListener - WebDriver start find element -->By.cssSelector: div.dialog-container h1
18:54:36.405  INFO  manager.MyListener - WebDriver start find element -->By.xpath: //button[text()='Search cars']
]]></system-out>
  <system-err><![CDATA[]]></system-err>
</testsuite>
