<?xml version="1.0" encoding="UTF-8"?>
<testsuite name="tests.RegistrationTest" tests="1" skipped="0" failures="0" errors="0" timestamp="2022-07-06T16:32:45" hostname="Elenas-MacBook-Air.local" time="2.019">
  <properties/>
  <testcase name="registrationWrongPasswordFormatSize" classname="tests.RegistrationTest" time="2.019"/>
  <system-out><![CDATA[HELLO
]]></system-out>
  <system-err><![CDATA[]]></system-err>
</testsuite>
